<?xml version="1.0" encoding="UTF-8"?>
<testng-results skipped="0" failed="0" total="1" passed="1">
  <reporter-output>
  </reporter-output>
  <suite name="Default suite" duration-ms="8894" started-at="2015-09-12T18:52:16Z" finished-at="2015-09-12T18:52:25Z">
    <groups>
    </groups>
    <test name="Default test" duration-ms="8894" started-at="2015-09-12T18:52:16Z" finished-at="2015-09-12T18:52:25Z">
      <class name="wta.open">
        <test-method status="PASS" signature="openBrowser()[pri:0, instance:wta.open@6e3c1e69]" name="openBrowser" duration-ms="8884" started-at="2015-09-12T14:52:16Z" finished-at="2015-09-12T14:52:25Z">
          <reporter-output>
          </reporter-output>
        </test-method> <!-- openBrowser -->
      </class> <!-- wta.open -->
    </test> <!-- Default test -->
  </suite> <!-- Default suite -->
</testng-results>
